######### '22-Mar-2018 09:00:37'Log start##########'
Kaikkia käyttäjiä haettu
#########End log##########

######### '22-Mar-2018 09:04:38'Log start##########'
Kaikkia käyttäjiä haettu
#########End log##########

######### '22-Mar-2018 09:05:45'Log start##########'
Kaikkia käyttäjiä haettu
#########End log##########

######### '22-Mar-2018 09:05:46'Log start##########'
Kaikkia käyttäjiä haettu
#########End log##########

######### '22-Mar-2018 09:13:47'Log start##########'
Kaikkia käyttäjiä haettu
#########End log##########

######### '22-Mar-2018 09:15:23'Log start##########'
Käyttäjää haettu ID:n perusteella
#########End log##########
######### '22-Mar-2018 09:17:31'Log start##########'
Kaikkia käyttäjiä haettu
#########End log##########

######### '22-Mar-2018 09:17:33'Log start##########'
Kaikkia käyttäjiä haettu
#########End log##########

######### '22-Mar-2018 09:17:34'Log start##########'
Kaikkia käyttäjiä haettu
#########End log##########

######### '22-Mar-2018 09:17:34'Log start##########'
Kaikkia käyttäjiä haettu
#########End log##########

######### '22-Mar-2018 09:17:34'Log start##########'
Kaikkia käyttäjiä haettu
#########End log##########

######### '22-Mar-2018 09:17:35'Log start##########'
Kaikkia käyttäjiä haettu
#########End log##########

######### '22-Mar-2018 09:18:00'Log start##########'
Haku epäonnistui
#########End log##########
######### '22-Mar-2018 09:20:59'Log start##########'
Haku epäonnistui
#########End log##########
######### '22-Mar-2018 09:30:18'Log start##########'
Haku epäonnistui
#########End log##########
######### '22-Mar-2018 09:35:27'Log start##########'
Kaikkia käyttäjiä haettu
#########End log##########

######### '22-Mar-2018 14:43:17'Log start##########'
Kaikkia käyttäjiä haettu
#########End log##########

######### '22-Mar-2018 14:45:06'Log start##########'
Kaikkia käyttäjiä haettu
#########End log##########

######### '22-Mar-2018 14:49:03'Log start##########'
Kaikkia käyttäjiä haettu
#########End log##########

